<?xml version="1.0" encoding="UTF-8"?>
<!-- Generated by org.testng.reporters.JUnitXMLReporter -->
<testsuite hostname="LAPTOP-3FARVQ4Q" name="Account Management Tests" tests="25" failures="1" timestamp="14 May 2019 13:33:37 GMT" time="40.126" errors="0">
  <testcase name="Test" time="4.278" classname="GetAccountByAccountNumber.Status404Validation"/>
  <testcase name="Test" time="1.711" classname="GetAccountByAccountNumber.Status200Validation"/>
  <testcase name="Test" time="1.65" classname="GetAccountByAccountNumber.Status400Validation"/>
  <testcase name="Test" time="1.432" classname="GetAccountByBvn.Status200Validation"/>
  <testcase name="Test" time="1.432" classname="GetAccountByBvn.Status400Validation"/>
  <testcase name="Test" time="1.56" classname="GetAccountByBvn.Status404Validation"/>
  <testcase name="Test" time="1.475" classname="GetAccountByCustomerName.Status200Validation">
    <failure type="java.lang.AssertionError" message="1 expectation failed.
Expected status code &amp;lt;200&amp;gt; but was &amp;lt;400&amp;gt;.
">
      <![CDATA[java.lang.AssertionError: 1 expectation failed.
Expected status code <200> but was <400>.

	at org.codehaus.groovy.runtime.callsite.ConstructorSite$ConstructorSiteNoUnwrap.callConstructor(ConstructorSite.java:84)
	at org.codehaus.groovy.runtime.callsite.CallSiteArray.defaultCallConstructor(CallSiteArray.java:59)
	at org.codehaus.groovy.runtime.callsite.AbstractCallSite.callConstructor(AbstractCallSite.java:238)
	at org.codehaus.groovy.runtime.callsite.AbstractCallSite.callConstructor(AbstractCallSite.java:250)
	at io.restassured.internal.ResponseSpecificationImpl$HamcrestAssertionClosure.validate(ResponseSpecificationImpl.groovy:494)
	at io.restassured.internal.ResponseSpecificationImpl$HamcrestAssertionClosure$validate$1.call(Unknown Source)
	at io.restassured.internal.ResponseSpecificationImpl.validateResponseIfRequired(ResponseSpecificationImpl.groovy:656)
	at org.codehaus.groovy.runtime.callsite.PogoMetaMethodSite$PogoCachedMethodSiteNoUnwrapNoCoerce.invoke(PogoMetaMethodSite.java:210)
	at org.codehaus.groovy.runtime.callsite.PogoMetaMethodSite.callCurrent(PogoMetaMethodSite.java:59)
	at org.codehaus.groovy.runtime.callsite.AbstractCallSite.callCurrent(AbstractCallSite.java:169)
	at io.restassured.internal.ResponseSpecificationImpl.statusCode(ResponseSpecificationImpl.groovy:125)
	at io.restassured.specification.ResponseSpecification$statusCode$0.callCurrent(Unknown Source)
	at io.restassured.internal.ResponseSpecificationImpl.statusCode(ResponseSpecificationImpl.groovy:133)
	at io.restassured.internal.ValidatableResponseOptionsImpl.statusCode(ValidatableResponseOptionsImpl.java:119)
	at GetAccountByCustomerName.Status200Validation.Test(Status200Validation.java:31)
... Removed 34 stack frames]]>
    </failure>
  </testcase> <!-- Test -->
  <testcase name="Test" time="1.448" classname="GetAccountByCustomerName.Status404Validation"/>
  <testcase name="Test" time="1.319" classname="GetAccountByEmail.Status200Validation"/>
  <testcase name="Test" time="1.367" classname="GetAccountByEmail.Status404Validation"/>
  <testcase name="Test" time="1.666" classname="GetAccountCustomerNameLookup.Status200Validation"/>
  <testcase name="Test" time="1.362" classname="GetAccountCustomerNameLookup.Status400Validation"/>
  <testcase name="Test" time="1.674" classname="GetAccountCustomerNameLookup.Status404Validation"/>
  <testcase name="Test" time="1.459" classname="GetCustomerAccountBalance.Status200Validation"/>
  <testcase name="Test" time="1.452" classname="GetCustomerAccountBalance.Status400Validation"/>
  <testcase name="Test" time="1.425" classname="GetCustomerAccountBalance.Status404Validation"/>
  <testcase name="Test" time="1.544" classname="GetCustomerAccountByCifID.Status200Validation"/>
  <testcase name="Test" time="1.53" classname="GetCustomerAccountByCifID.Status404Validation"/>
  <testcase name="Test" time="1.435" classname="GetCustomerAccountByPhoneNumber.Status200Validation"/>
  <testcase name="Test" time="1.394" classname="GetCustomerAccountByPhoneNumber.Status404Validation"/>
  <testcase name="Test" time="1.496" classname="GetCustomerAccountStatement.Status200Validation"/>
  <testcase name="Test" time="1.38" classname="GetCustomerAccountStatement.Status404Validation"/>
  <testcase name="Test" time="1.503" classname="GetCustomerImage.Status200Validation"/>
  <testcase name="Test" time="1.507" classname="GetCustomerImage.Status400Validation"/>
  <testcase name="Test" time="1.444" classname="GetCustomerImage.Status404Validation"/>
</testsuite> <!-- Account Management Tests -->
